Build started 28-09-2015 10:05:38.
     1>Project "C:\Users\Giridhar\Documents\Visual Studio 2013\Projects\LoggerSolution\LoggerDLL\LoggerDLL.vcxproj" on node 2 (Build target(s)).
     1>ClCompile:
         C:\Program Files (x86)\Microsoft Visual Studio 12.0\VC\bin\CL.exe /c /ZI /nologo /W3 /WX- /sdl /Od /Oy- /D WIN32 /D _DEBUG /D _WINDOWS /D _USRDLL /D LOGGERDLL_EXPORTS /D _WINDLL /D _UNICODE /D UNICODE /Gm /EHsc /RTC1 /MDd /GS /fp:precise /Zc:wchar_t /Zc:forScope /Yu"stdafx.h" /Fp"Debug\LoggerDLL.pch" /Fo"Debug\\" /Fd"Debug\vc120.pdb" /Gd /TP /analyze- /errorReport:prompt LoggerDLL.cpp
         LoggerDLL.cpp
     1>c:\users\giridhar\documents\visual studio 2013\projects\loggersolution\loggerdll\loggerdll.h(14): warning C4251: 'LoggerDLL::Logger::_fhnd' : class 'std::basic_ofstream<char,std::char_traits<char>>' needs to have dll-interface to be used by clients of class 'LoggerDLL::Logger'
     1>c:\users\giridhar\documents\visual studio 2013\projects\loggersolution\loggerdll\loggerdll.h(27): warning C4251: 'LoggerDLL::Logger::_msemaphore' : class 'std::mutex' needs to have dll-interface to be used by clients of class 'LoggerDLL::Logger'
                 c:\program files (x86)\microsoft visual studio 12.0\vc\include\mutex(105) : see declaration of 'std::mutex'
     1>c:\users\giridhar\documents\visual studio 2013\projects\loggersolution\loggerdll\loggerdll.h(28): warning C4251: 'LoggerDLL::Logger::_loglevel_text' : class 'std::vector<std::string,std::allocator<_Ty>>' needs to have dll-interface to be used by clients of class 'LoggerDLL::Logger'
                 with
                 [
                     _Ty=std::string
                 ]
     1>c:\users\giridhar\documents\visual studio 2013\projects\loggersolution\loggerdll\loggerdll.cpp(15): warning C4273: 'LoggerDLL::Logger::Logger' : inconsistent dll linkage
                 c:\users\giridhar\documents\visual studio 2013\projects\loggersolution\loggerdll\loggerdll.h(21) : see previous definition of '{ctor}'
     1>c:\users\giridhar\documents\visual studio 2013\projects\loggersolution\loggerdll\loggerdll.cpp(20): warning C4273: 'LoggerDLL::Logger::Logger' : inconsistent dll linkage
                 c:\users\giridhar\documents\visual studio 2013\projects\loggersolution\loggerdll\loggerdll.h(22) : see previous definition of '{ctor}'
     1>c:\users\giridhar\documents\visual studio 2013\projects\loggersolution\loggerdll\loggerdll.cpp(36): warning C4273: 'LoggerDLL::Logger::~Logger' : inconsistent dll linkage
                 c:\users\giridhar\documents\visual studio 2013\projects\loggersolution\loggerdll\loggerdll.h(23) : see previous definition of '{dtor}'
     1>c:\users\giridhar\documents\visual studio 2013\projects\loggersolution\loggerdll\loggerdll.cpp(41): warning C4273: 'LoggerDLL::Logger::SetDateFormat' : inconsistent dll linkage
                 c:\users\giridhar\documents\visual studio 2013\projects\loggersolution\loggerdll\loggerdll.h(16) : see previous definition of 'SetDateFormat'
     1>c:\users\giridhar\documents\visual studio 2013\projects\loggersolution\loggerdll\loggerdll.cpp(47): warning C4273: 'LoggerDLL::Logger::GetTimeStamp' : inconsistent dll linkage
                 c:\users\giridhar\documents\visual studio 2013\projects\loggersolution\loggerdll\loggerdll.h(29) : see previous definition of 'GetTimeStamp'
     1>c:\users\giridhar\documents\visual studio 2013\projects\loggersolution\loggerdll\loggerdll.cpp(58): warning C4273: 'LoggerDLL::Logger::GetLoglevelString' : inconsistent dll linkage
                 c:\users\giridhar\documents\visual studio 2013\projects\loggersolution\loggerdll\loggerdll.h(30) : see previous definition of 'GetLoglevelString'
     1>c:\users\giridhar\documents\visual studio 2013\projects\loggersolution\loggerdll\loggerdll.cpp(70): warning C4273: 'LoggerDLL::Logger::WriteFile' : inconsistent dll linkage
                 c:\users\giridhar\documents\visual studio 2013\projects\loggersolution\loggerdll\loggerdll.h(17) : see previous definition of 'WriteFile'
     1>c:\users\giridhar\documents\visual studio 2013\projects\loggersolution\loggerdll\loggerdll.cpp(77): warning C4273: 'LoggerDLL::Logger::WriteConsol' : inconsistent dll linkage
                 c:\users\giridhar\documents\visual studio 2013\projects\loggersolution\loggerdll\loggerdll.h(18) : see previous definition of 'WriteConsol'
     1>c:\users\giridhar\documents\visual studio 2013\projects\loggersolution\loggerdll\loggerdll.cpp(83): warning C4273: 'LoggerDLL::Logger::WriteLog' : inconsistent dll linkage
                 c:\users\giridhar\documents\visual studio 2013\projects\loggersolution\loggerdll\loggerdll.h(31) : see previous definition of 'WriteLog'
       Link:
         C:\Program Files (x86)\Microsoft Visual Studio 12.0\VC\bin\link.exe /ERRORREPORT:PROMPT /OUT:"C:\Users\Giridhar\Documents\Visual Studio 2013\Projects\LoggerSolution\Debug\LoggerDLL.dll" /INCREMENTAL /NOLOGO kernel32.lib user32.lib gdi32.lib winspool.lib comdlg32.lib advapi32.lib shell32.lib ole32.lib oleaut32.lib uuid.lib odbc32.lib odbccp32.lib /MANIFEST /MANIFESTUAC:"level='asInvoker' uiAccess='false'" /manifest:embed /DEBUG /PDB:"C:\Users\Giridhar\Documents\Visual Studio 2013\Projects\LoggerSolution\Debug\LoggerDLL.pdb" /SUBSYSTEM:WINDOWS /TLBID:1 /DYNAMICBASE /NXCOMPAT /IMPLIB:"C:\Users\Giridhar\Documents\Visual Studio 2013\Projects\LoggerSolution\Debug\LoggerDLL.lib" /MACHINE:X86 /DLL Debug\dllmain.obj
         Debug\LoggerDLL.obj
         Debug\stdafx.obj
         LoggerDLL.vcxproj -> C:\Users\Giridhar\Documents\Visual Studio 2013\Projects\LoggerSolution\Debug\LoggerDLL.dll
     1>Done Building Project "C:\Users\Giridhar\Documents\Visual Studio 2013\Projects\LoggerSolution\LoggerDLL\LoggerDLL.vcxproj" (Build target(s)).

Build succeeded.

Time Elapsed 00:00:01.02
