Build started 28-09-2015 10:43:27.
     1>Project "C:\Users\Giridhar\Documents\Visual Studio 2013\Projects\LoggerSolution\LoggerMainApp\LoggerMainApp.vcxproj" on node 2 (Build target(s)).
     1>ClCompile:
         C:\Program Files (x86)\Microsoft Visual Studio 12.0\VC\bin\CL.exe /c /I"C:\Users\Giridhar\Documents\Visual Studio 2013\Projects\LoggerSolution\LoggerDLL" /ZI /nologo /W3 /WX- /sdl /Od /Oy- /D WIN32 /D _DEBUG /D _CONSOLE /D _LIB /D _UNICODE /D UNICODE /Gm /EHsc /RTC1 /MDd /GS /fp:precise /Zc:wchar_t /Zc:forScope /Yu"stdafx.h" /Fp"Debug\LoggerMainApp.pch" /Fo"Debug\\" /Fd"Debug\vc120.pdb" /Gd /TP /analyze- /errorReport:prompt LoggerMainApp.cpp
         LoggerMainApp.cpp
     1>c:\users\giridhar\documents\visual studio 2013\projects\loggersolution\loggerdll\loggerdll.h(14): warning C4251: 'LoggerDLL::Logger::_fhnd' : class 'std::basic_ofstream<char,std::char_traits<char>>' needs to have dll-interface to be used by clients of class 'LoggerDLL::Logger'
     1>c:\users\giridhar\documents\visual studio 2013\projects\loggersolution\loggerdll\loggerdll.h(27): warning C4251: 'LoggerDLL::Logger::_msemaphore' : class 'std::mutex' needs to have dll-interface to be used by clients of class 'LoggerDLL::Logger'
                 c:\program files (x86)\microsoft visual studio 12.0\vc\include\mutex(105) : see declaration of 'std::mutex'
     1>c:\users\giridhar\documents\visual studio 2013\projects\loggersolution\loggerdll\loggerdll.h(28): warning C4251: 'LoggerDLL::Logger::_loglevel_text' : class 'std::vector<std::string,std::allocator<_Ty>>' needs to have dll-interface to be used by clients of class 'LoggerDLL::Logger'
                 with
                 [
                     _Ty=std::string
                 ]
       Link:
         C:\Program Files (x86)\Microsoft Visual Studio 12.0\VC\bin\link.exe /ERRORREPORT:PROMPT /OUT:"C:\Users\Giridhar\Documents\Visual Studio 2013\Projects\LoggerSolution\Debug\LoggerMainApp.exe" /INCREMENTAL /NOLOGO kernel32.lib user32.lib gdi32.lib winspool.lib comdlg32.lib advapi32.lib shell32.lib ole32.lib oleaut32.lib uuid.lib odbc32.lib odbccp32.lib /MANIFEST /MANIFESTUAC:"level='asInvoker' uiAccess='false'" /manifest:embed /DEBUG /PDB:"C:\Users\Giridhar\Documents\Visual Studio 2013\Projects\LoggerSolution\Debug\LoggerMainApp.pdb" /SUBSYSTEM:CONSOLE /TLBID:1 /DYNAMICBASE /NXCOMPAT /IMPLIB:"C:\Users\Giridhar\Documents\Visual Studio 2013\Projects\LoggerSolution\Debug\LoggerMainApp.lib" /MACHINE:X86 Debug\LoggerMainApp.obj
         Debug\stdafx.obj
         "C:\Users\Giridhar\Documents\Visual Studio 2013\Projects\LoggerSolution\Debug\LoggerDLL.lib"
         LoggerMainApp.vcxproj -> C:\Users\Giridhar\Documents\Visual Studio 2013\Projects\LoggerSolution\Debug\LoggerMainApp.exe
     1>Done Building Project "C:\Users\Giridhar\Documents\Visual Studio 2013\Projects\LoggerSolution\LoggerMainApp\LoggerMainApp.vcxproj" (Build target(s)).

Build succeeded.

Time Elapsed 00:00:02.07
